2019-02-25T21:27:01.713   : Message: Please enter an username.  , Trace:     pkgController.Login_Controller.checkInputs(Login_Controller.java:52)
    pkgController.Login_Controller.onSelectButton(Login_Controller.java:41)
    sun.reflect.NativeMethodAccessorImpl.invoke0(Native Method)
    sun.reflect.NativeMethodAccessorImpl.invoke(NativeMethodAccessorImpl.java:62)
    sun.reflect.DelegatingMethodAccessorImpl.invoke(DelegatingMethodAccessorImpl.java:43)
2019-02-25T21:27:44.392   : Message: Please enter an username.  , Trace:     pkgController.Login_Controller.checkInputs(Login_Controller.java:52)
    pkgController.Login_Controller.onSelectButton(Login_Controller.java:41)
    sun.reflect.NativeMethodAccessorImpl.invoke0(Native Method)
    sun.reflect.NativeMethodAccessorImpl.invoke(NativeMethodAccessorImpl.java:62)
    sun.reflect.DelegatingMethodAccessorImpl.invoke(DelegatingMethodAccessorImpl.java:43)
2019-02-26T08:39:44.503   : Message: ORA-00942: Tabelle oder View nicht vorhanden
  , Trace:     oracle.jdbc.dbaccess.DBError.throwSqlException(DBError.java:134)
    oracle.jdbc.ttc7.TTIoer.processError(TTIoer.java:289)
    oracle.jdbc.ttc7.Oall7.receive(Oall7.java:573)
    oracle.jdbc.ttc7.TTC7Protocol.doOall7(TTC7Protocol.java:1891)
    oracle.jdbc.ttc7.TTC7Protocol.parseExecuteDescribe(TTC7Protocol.java:830)
2019-02-26T08:41:33.149   : Message: ORA-01006: Bindevariable nicht vorhanden
  , Trace:     oracle.jdbc.dbaccess.DBError.throwSqlException(DBError.java:134)
    oracle.jdbc.ttc7.TTIoer.processError(TTIoer.java:289)
    oracle.jdbc.ttc7.Oall7.receive(Oall7.java:573)
    oracle.jdbc.ttc7.TTC7Protocol.doOall7(TTC7Protocol.java:1891)
    oracle.jdbc.ttc7.TTC7Protocol.parseExecuteDescribe(TTC7Protocol.java:830)
2019-02-26T08:43:28.383   : Message: null  , Trace:     pkgData.Database.selectAllActivities(Database.java:109)
    pkgController.Dashboard_Controller.initialize(Dashboard_Controller.java:47)
    sun.reflect.NativeMethodAccessorImpl.invoke0(Native Method)
    sun.reflect.NativeMethodAccessorImpl.invoke(NativeMethodAccessorImpl.java:62)
    sun.reflect.DelegatingMethodAccessorImpl.invoke(DelegatingMethodAccessorImpl.java:43)
2019-02-27T10:27:11.277   : Message: Parameter specified as non-null is null: method pkgData.Entry.<init>, parameter timestampEnd  , Trace:     pkgData.Entry.<init>(Entry.kt)
    pkgController.Dashboard_Controller.onSelectButton(Dashboard_Controller.java:81)
    sun.reflect.NativeMethodAccessorImpl.invoke0(Native Method)
    sun.reflect.NativeMethodAccessorImpl.invoke(NativeMethodAccessorImpl.java:62)
    sun.reflect.DelegatingMethodAccessorImpl.invoke(DelegatingMethodAccessorImpl.java:43)
2019-02-27T10:49:20.911   : Message: Parameter specified as non-null is null: method pkgData.Entry.<init>, parameter activity  , Trace:     pkgData.Entry.<init>(Entry.kt)
    pkgController.Dashboard_Controller.onSelectButton(Dashboard_Controller.java:81)
    sun.reflect.NativeMethodAccessorImpl.invoke0(Native Method)
    sun.reflect.NativeMethodAccessorImpl.invoke(NativeMethodAccessorImpl.java:62)
    sun.reflect.DelegatingMethodAccessorImpl.invoke(DelegatingMethodAccessorImpl.java:43)
2019-02-27T10:52:16.281   : Message: Parameter specified as non-null is null: method pkgData.Entry.<init>, parameter activity  , Trace:     pkgData.Entry.<init>(Entry.kt)
    pkgController.Dashboard_Controller.onSelectButton(Dashboard_Controller.java:81)
    sun.reflect.NativeMethodAccessorImpl.invoke0(Native Method)
    sun.reflect.NativeMethodAccessorImpl.invoke(NativeMethodAccessorImpl.java:62)
    sun.reflect.DelegatingMethodAccessorImpl.invoke(DelegatingMethodAccessorImpl.java:43)
2019-02-27T10:53:05.392   : Message: Parameter specified as non-null is null: method pkgData.Entry.<init>, parameter timestampEnd  , Trace:     pkgData.Entry.<init>(Entry.kt)
    pkgController.Dashboard_Controller.onSelectButton(Dashboard_Controller.java:81)
    sun.reflect.NativeMethodAccessorImpl.invoke0(Native Method)
    sun.reflect.NativeMethodAccessorImpl.invoke(NativeMethodAccessorImpl.java:62)
    sun.reflect.DelegatingMethodAccessorImpl.invoke(DelegatingMethodAccessorImpl.java:43)
2019-02-27T11:30:26.759   : Message: PLease select an Activity  , Trace:     pkgController.Dashboard_Controller.checkInput(Dashboard_Controller.java:97)
    pkgController.Dashboard_Controller.onSelectButton(Dashboard_Controller.java:74)
    sun.reflect.NativeMethodAccessorImpl.invoke0(Native Method)
    sun.reflect.NativeMethodAccessorImpl.invoke(NativeMethodAccessorImpl.java:62)
    sun.reflect.DelegatingMethodAccessorImpl.invoke(DelegatingMethodAccessorImpl.java:43)
2019-02-27T11:31:13.659   : Message: Parameter specified as non-null is null: method pkgData.Entry.<init>, parameter user  , Trace:     pkgData.Entry.<init>(Entry.kt)
    pkgController.Dashboard_Controller.onSelectButton(Dashboard_Controller.java:83)
    sun.reflect.NativeMethodAccessorImpl.invoke0(Native Method)
    sun.reflect.NativeMethodAccessorImpl.invoke(NativeMethodAccessorImpl.java:62)
    sun.reflect.DelegatingMethodAccessorImpl.invoke(DelegatingMethodAccessorImpl.java:43)
2019-02-27T11:32:32.31   : Message: Parameter specified as non-null is null: method pkgData.Entry.<init>, parameter user  , Trace:     pkgData.Entry.<init>(Entry.kt)
    pkgController.Dashboard_Controller.onSelectButton(Dashboard_Controller.java:83)
    sun.reflect.NativeMethodAccessorImpl.invoke0(Native Method)
    sun.reflect.NativeMethodAccessorImpl.invoke(NativeMethodAccessorImpl.java:62)
    sun.reflect.DelegatingMethodAccessorImpl.invoke(DelegatingMethodAccessorImpl.java:43)
2019-02-27T11:43:31.598   : Message: Parameter specified as non-null is null: method pkgData.Entry.<init>, parameter user  , Trace:     pkgData.Entry.<init>(Entry.kt)
    pkgController.Dashboard_Controller.onSelectButton(Dashboard_Controller.java:83)
    sun.reflect.NativeMethodAccessorImpl.invoke0(Native Method)
    sun.reflect.NativeMethodAccessorImpl.invoke(NativeMethodAccessorImpl.java:62)
    sun.reflect.DelegatingMethodAccessorImpl.invoke(DelegatingMethodAccessorImpl.java:43)
2019-02-27T11:48:55.544   : Message: Parameter specified as non-null is null: method pkgData.Entry.<init>, parameter user  , Trace:     pkgData.Entry.<init>(Entry.kt)
    pkgController.Dashboard_Controller.onSelectButton(Dashboard_Controller.java:83)
    sun.reflect.NativeMethodAccessorImpl.invoke0(Native Method)
    sun.reflect.NativeMethodAccessorImpl.invoke(NativeMethodAccessorImpl.java:62)
    sun.reflect.DelegatingMethodAccessorImpl.invoke(DelegatingMethodAccessorImpl.java:43)
2019-02-27T11:49:29.671   : Message: Parameter specified as non-null is null: method pkgData.Entry.<init>, parameter user  , Trace:     pkgData.Entry.<init>(Entry.kt)
    pkgController.Dashboard_Controller.onSelectButton(Dashboard_Controller.java:83)
    sun.reflect.NativeMethodAccessorImpl.invoke0(Native Method)
    sun.reflect.NativeMethodAccessorImpl.invoke(NativeMethodAccessorImpl.java:62)
    sun.reflect.DelegatingMethodAccessorImpl.invoke(DelegatingMethodAccessorImpl.java:43)
2019-02-27T11:50:54.002   : Message: ORA-02289: Sequence ist nicht vorhanden.
  , Trace:     oracle.jdbc.dbaccess.DBError.throwSqlException(DBError.java:134)
    oracle.jdbc.ttc7.TTIoer.processError(TTIoer.java:289)
    oracle.jdbc.ttc7.Oall7.receive(Oall7.java:573)
    oracle.jdbc.ttc7.TTC7Protocol.doOall7(TTC7Protocol.java:1891)
    oracle.jdbc.ttc7.TTC7Protocol.parseExecuteFetch(TTC7Protocol.java:1093)
2019-02-27T13:51:30.652   : Message: No controller specified.
/Users/david.jahn/git/private-repository/JavaFX_TimeManagement/bin/pkgMain/res/EntriesManagementAdmin.fxml:25
  , Trace:     javafx.fxml.FXMLLoader.constructLoadException(FXMLLoader.java:2597)
    javafx.fxml.FXMLLoader.access$100(FXMLLoader.java:103)
    javafx.fxml.FXMLLoader$Element.getControllerMethodHandle(FXMLLoader.java:557)
    javafx.fxml.FXMLLoader$Element.processEventHandlerAttributes(FXMLLoader.java:599)
    javafx.fxml.FXMLLoader$ValueElement.processEndElement(FXMLLoader.java:770)
2019-02-27T22:18:59.512   : Message: 
/Users/david.jahn/git/private-repository/JavaFX_TimeManagement/bin/pkgMain/res/EntriesManagementAdmin.fxml
  , Trace:     javafx.fxml.FXMLLoader.constructLoadException(FXMLLoader.java:2601)
    javafx.fxml.FXMLLoader.loadImpl(FXMLLoader.java:2571)
    javafx.fxml.FXMLLoader.loadImpl(FXMLLoader.java:2441)
    javafx.fxml.FXMLLoader.loadImpl(FXMLLoader.java:3214)
    javafx.fxml.FXMLLoader.loadImpl(FXMLLoader.java:3175)
2019-02-27T22:20:16.666   : Message: 
/Users/david.jahn/git/private-repository/JavaFX_TimeManagement/bin/pkgMain/res/EntriesManagementAdmin.fxml
  , Trace:     javafx.fxml.FXMLLoader.constructLoadException(FXMLLoader.java:2601)
    javafx.fxml.FXMLLoader.loadImpl(FXMLLoader.java:2571)
    javafx.fxml.FXMLLoader.loadImpl(FXMLLoader.java:2441)
    javafx.fxml.FXMLLoader.loadImpl(FXMLLoader.java:3214)
    javafx.fxml.FXMLLoader.loadImpl(FXMLLoader.java:3175)
2019-02-27T22:21:32.854   : Message: 
/Users/david.jahn/git/private-repository/JavaFX_TimeManagement/bin/pkgMain/res/EntriesManagementAdmin.fxml
  , Trace:     javafx.fxml.FXMLLoader.constructLoadException(FXMLLoader.java:2601)
    javafx.fxml.FXMLLoader.loadImpl(FXMLLoader.java:2571)
    javafx.fxml.FXMLLoader.loadImpl(FXMLLoader.java:2441)
    javafx.fxml.FXMLLoader.loadImpl(FXMLLoader.java:3214)
    javafx.fxml.FXMLLoader.loadImpl(FXMLLoader.java:3175)
2019-02-27T22:24:27.554   : Message: ORA-00947: Anzahl der Werte reicht nicht aus
  , Trace:     oracle.jdbc.dbaccess.DBError.throwSqlException(DBError.java:134)
    oracle.jdbc.ttc7.TTIoer.processError(TTIoer.java:289)
    oracle.jdbc.ttc7.Oall7.receive(Oall7.java:573)
    oracle.jdbc.ttc7.TTC7Protocol.doOall7(TTC7Protocol.java:1891)
    oracle.jdbc.ttc7.TTC7Protocol.parseExecuteFetch(TTC7Protocol.java:1093)
2019-02-27T23:29:59.068   : Message: Entry not found  , Trace:     pkgData.Database.deleteEntry(Database.java:217)
    pkgController.EntriesManagement_Controller.onSelectButton(EntriesManagement_Controller.java:154)
    sun.reflect.NativeMethodAccessorImpl.invoke0(Native Method)
    sun.reflect.NativeMethodAccessorImpl.invoke(NativeMethodAccessorImpl.java:62)
    sun.reflect.DelegatingMethodAccessorImpl.invoke(DelegatingMethodAccessorImpl.java:43)
