2019-01-18T22:06:03.319191   : Message: Please enter a valid mail address  , Trace:     pkgController.Controller_Settings.onSelectButton(Controller_Settings.java:84)
    java.base/jdk.internal.reflect.NativeMethodAccessorImpl.invoke0(Native Method)
    java.base/jdk.internal.reflect.NativeMethodAccessorImpl.invoke(NativeMethodAccessorImpl.java:62)
    java.base/jdk.internal.reflect.DelegatingMethodAccessorImpl.invoke(DelegatingMethodAccessorImpl.java:43)
    java.base/java.lang.reflect.Method.invoke(Method.java:564)
2019-01-18T22:18:30.384048   : Message: 
/Users/david.jahn/git/private-repository/JavaFX_EmailSpammer/bin/pkgMain/ressources/Settings.fxml
  , Trace:     javafx.fxml/javafx.fxml.FXMLLoader.constructLoadException(FXMLLoader.java:2625)
    javafx.fxml/javafx.fxml.FXMLLoader.loadImpl(FXMLLoader.java:2595)
    javafx.fxml/javafx.fxml.FXMLLoader.loadImpl(FXMLLoader.java:2466)
    javafx.fxml/javafx.fxml.FXMLLoader.loadImpl(FXMLLoader.java:3253)
    javafx.fxml/javafx.fxml.FXMLLoader.loadImpl(FXMLLoader.java:3210)
2019-01-18T22:19:16.446634   : Message: null  , Trace:     java.prefs/java.util.prefs.AbstractPreferences.put(AbstractPreferences.java:249)
    pkgData.Database.writePreferences(Database.java:61)
    pkgController.Controller_Settings.onSelectButton(Controller_Settings.java:97)
    java.base/jdk.internal.reflect.NativeMethodAccessorImpl.invoke0(Native Method)
    java.base/jdk.internal.reflect.NativeMethodAccessorImpl.invoke(NativeMethodAccessorImpl.java:62)
2019-01-18T22:28:42.562039   : Message: Illegal address  , Trace:     javax.mail.internet.InternetAddress.<init>(InternetAddress.java:122)
    pkgData.GMailer.sendMail(GMailer.java:71)
    pkgController.Controller_EmailSpammerMain.doSendEmail(Controller_EmailSpammerMain.java:88)
    pkgController.Controller_EmailSpammerMain.onSelectButton(Controller_EmailSpammerMain.java:67)
    java.base/jdk.internal.reflect.NativeMethodAccessorImpl.invoke0(Native Method)
2019-01-18T22:30:20.29113   : Message: Please enter a valid mail address  , Trace:     pkgController.Controller_EmailSpammerMain.onSelectButton(Controller_EmailSpammerMain.java:72)
    java.base/jdk.internal.reflect.NativeMethodAccessorImpl.invoke0(Native Method)
    java.base/jdk.internal.reflect.NativeMethodAccessorImpl.invoke(NativeMethodAccessorImpl.java:62)
    java.base/jdk.internal.reflect.DelegatingMethodAccessorImpl.invoke(DelegatingMethodAccessorImpl.java:43)
    java.base/java.lang.reflect.Method.invoke(Method.java:564)
2019-01-18T22:30:55.525444   : Message: 535-5.7.8 Username and Password not accepted. Learn more at
535 5.7.8  https://support.google.com/mail/?p=BadCredentials c202sm47596338wmd.40 - gsmtp
  , Trace:     com.sun.mail.smtp.SMTPTransport$Authenticator.authenticate(SMTPTransport.java:965)
    com.sun.mail.smtp.SMTPTransport.authenticate(SMTPTransport.java:876)
    com.sun.mail.smtp.SMTPTransport.protocolConnect(SMTPTransport.java:780)
    javax.mail.Service.connect(Service.java:366)
    javax.mail.Service.connect(Service.java:246)
2019-01-18T23:52:44.310554   : Message: null  , Trace:     pkgController.Controller_Settings.onSelectButton(Controller_Settings.java:92)
    java.base/jdk.internal.reflect.NativeMethodAccessorImpl.invoke0(Native Method)
    java.base/jdk.internal.reflect.NativeMethodAccessorImpl.invoke(NativeMethodAccessorImpl.java:62)
    java.base/jdk.internal.reflect.DelegatingMethodAccessorImpl.invoke(DelegatingMethodAccessorImpl.java:43)
    java.base/java.lang.reflect.Method.invoke(Method.java:564)
2019-01-18T23:53:56.102718   : Message: null  , Trace:     pkgController.Controller_EmailSpammerMain.initialize(Controller_EmailSpammerMain.java:59)
    java.base/jdk.internal.reflect.NativeMethodAccessorImpl.invoke0(Native Method)
    java.base/jdk.internal.reflect.NativeMethodAccessorImpl.invoke(NativeMethodAccessorImpl.java:62)
    java.base/jdk.internal.reflect.DelegatingMethodAccessorImpl.invoke(DelegatingMethodAccessorImpl.java:43)
    java.base/java.lang.reflect.Method.invoke(Method.java:564)
2019-01-18T23:54:25.297007   : Message: null  , Trace:     pkgController.Controller_EmailSpammerMain.initialize(Controller_EmailSpammerMain.java:59)
    java.base/jdk.internal.reflect.NativeMethodAccessorImpl.invoke0(Native Method)
    java.base/jdk.internal.reflect.NativeMethodAccessorImpl.invoke(NativeMethodAccessorImpl.java:62)
    java.base/jdk.internal.reflect.DelegatingMethodAccessorImpl.invoke(DelegatingMethodAccessorImpl.java:43)
    java.base/java.lang.reflect.Method.invoke(Method.java:564)
2019-01-19T02:14:42.880258   : Message: Language not supported  , Trace:     pkgData.ELanguages.getLanguage(ELanguages.java:31)
    pkgData.Database.readPreferences(Database.java:74)
    pkgMain.Main.start(Main.java:26)
    javafx.graphics/com.sun.javafx.application.LauncherImpl.lambda$launchApplication1$9(LauncherImpl.java:919)
    javafx.graphics/com.sun.javafx.application.PlatformImpl.lambda$runAndWait$11(PlatformImpl.java:449)
2019-01-19T02:41:14.855279   : Message: Cannot set modality once stage has been set visible  , Trace:     javafx.graphics/javafx.stage.Stage.initModality(Stage.java:528)
    pkgController.Controller_EmailSpammerMain.onSelectMenu(Controller_EmailSpammerMain.java:132)
    java.base/jdk.internal.reflect.NativeMethodAccessorImpl.invoke0(Native Method)
    java.base/jdk.internal.reflect.NativeMethodAccessorImpl.invoke(NativeMethodAccessorImpl.java:62)
    java.base/jdk.internal.reflect.DelegatingMethodAccessorImpl.invoke(DelegatingMethodAccessorImpl.java:43)
