2018-07-12T22:13:01.360559: Message: javax.crypto.BadPaddingException: Given final block not properly padded. Such issues can arise if a bad key is used during decryption., Trace:     java.base/javax.crypto.CipherInputStream.getMoreData(CipherInputStream.java:121)
    java.base/javax.crypto.CipherInputStream.read(CipherInputStream.java:235)
    java.base/javax.crypto.CipherInputStream.read(CipherInputStream.java:212)
    pkgMisc.PasswordUtils.decrypt(PasswordUtils.java:63)
    pkgData.Database.doStoreAccountsInDatabase(Database.java:78)
2018-07-12T22:14:37.892239: Message: javax.crypto.BadPaddingException: Given final block not properly padded. Such issues can arise if a bad key is used during decryption., Trace:     java.base/javax.crypto.CipherInputStream.getMoreData(CipherInputStream.java:121)
    java.base/javax.crypto.CipherInputStream.read(CipherInputStream.java:235)
    java.base/javax.crypto.CipherInputStream.read(CipherInputStream.java:212)
    pkgMisc.PasswordUtils.decrypt(PasswordUtils.java:63)
    pkgData.Database.doStoreAccountsInDatabase(Database.java:78)
2018-07-12T22:14:39.920937: Message: javax.crypto.BadPaddingException: Given final block not properly padded. Such issues can arise if a bad key is used during decryption., Trace:     java.base/javax.crypto.CipherInputStream.getMoreData(CipherInputStream.java:121)
    java.base/javax.crypto.CipherInputStream.read(CipherInputStream.java:235)
    java.base/javax.crypto.CipherInputStream.read(CipherInputStream.java:212)
    pkgMisc.PasswordUtils.decrypt(PasswordUtils.java:63)
    pkgData.Database.doStoreAccountsInDatabase(Database.java:78)
2018-07-12T22:14:41.062905: Message: javax.crypto.BadPaddingException: Given final block not properly padded. Such issues can arise if a bad key is used during decryption., Trace:     java.base/javax.crypto.CipherInputStream.getMoreData(CipherInputStream.java:121)
    java.base/javax.crypto.CipherInputStream.read(CipherInputStream.java:235)
    java.base/javax.crypto.CipherInputStream.read(CipherInputStream.java:212)
    pkgMisc.PasswordUtils.decrypt(PasswordUtils.java:63)
    pkgData.Database.doStoreAccountsInDatabase(Database.java:78)
2018-07-12T22:16:06.674421: Message: javax.crypto.BadPaddingException: Given final block not properly padded. Such issues can arise if a bad key is used during decryption., Trace:     java.base/javax.crypto.CipherInputStream.getMoreData(CipherInputStream.java:121)
    java.base/javax.crypto.CipherInputStream.read(CipherInputStream.java:235)
    java.base/javax.crypto.CipherInputStream.read(CipherInputStream.java:212)
    pkgMisc.PasswordUtils.decrypt(PasswordUtils.java:63)
    pkgData.Database.doStoreAccountsInDatabase(Database.java:78)
2018-07-12T22:17:27.363205: Message: javax.crypto.BadPaddingException: Given final block not properly padded. Such issues can arise if a bad key is used during decryption., Trace:     java.base/javax.crypto.CipherInputStream.getMoreData(CipherInputStream.java:121)
    java.base/javax.crypto.CipherInputStream.read(CipherInputStream.java:235)
    java.base/javax.crypto.CipherInputStream.read(CipherInputStream.java:212)
    pkgMisc.PasswordUtils.decrypt(PasswordUtils.java:63)
    pkgData.Database.doStoreAccountsInDatabase(Database.java:78)
2018-07-12T22:17:30.522829: Message: javax.crypto.BadPaddingException: Given final block not properly padded. Such issues can arise if a bad key is used during decryption., Trace:     java.base/javax.crypto.CipherInputStream.getMoreData(CipherInputStream.java:121)
    java.base/javax.crypto.CipherInputStream.read(CipherInputStream.java:235)
    java.base/javax.crypto.CipherInputStream.read(CipherInputStream.java:212)
    pkgMisc.PasswordUtils.decrypt(PasswordUtils.java:63)
    pkgData.Database.doStoreAccountsInDatabase(Database.java:78)
2018-07-12T22:17:36.891116: Message: null, Trace:     pkgData.Database.doStoreAccountsInDatabase(Database.java:88)
    pkgController.Controller_Login.login(Controller_Login.java:34)
    java.base/jdk.internal.reflect.NativeMethodAccessorImpl.invoke0(Native Method)
    java.base/jdk.internal.reflect.NativeMethodAccessorImpl.invoke(NativeMethodAccessorImpl.java:62)
    java.base/jdk.internal.reflect.DelegatingMethodAccessorImpl.invoke(DelegatingMethodAccessorImpl.java:43)
2018-07-12T22:18:42.769117: Message: javax.crypto.BadPaddingException: Given final block not properly padded. Such issues can arise if a bad key is used during decryption., Trace:     java.base/javax.crypto.CipherInputStream.getMoreData(CipherInputStream.java:121)
    java.base/javax.crypto.CipherInputStream.read(CipherInputStream.java:235)
    java.base/javax.crypto.CipherInputStream.read(CipherInputStream.java:212)
    pkgMisc.PasswordUtils.decrypt(PasswordUtils.java:63)
    pkgData.Database.doStoreAccountsInDatabase(Database.java:78)
2018-07-12T22:18:53.420246: Message: javax.crypto.BadPaddingException: Given final block not properly padded. Such issues can arise if a bad key is used during decryption., Trace:     java.base/javax.crypto.CipherInputStream.getMoreData(CipherInputStream.java:121)
    java.base/javax.crypto.CipherInputStream.read(CipherInputStream.java:235)
    java.base/javax.crypto.CipherInputStream.read(CipherInputStream.java:212)
    pkgMisc.PasswordUtils.decrypt(PasswordUtils.java:63)
    pkgData.Database.doStoreAccountsInDatabase(Database.java:78)
2018-07-12T22:19:14.578104: Message: javax.crypto.BadPaddingException: Given final block not properly padded. Such issues can arise if a bad key is used during decryption., Trace:     java.base/javax.crypto.CipherInputStream.getMoreData(CipherInputStream.java:121)
    java.base/javax.crypto.CipherInputStream.read(CipherInputStream.java:235)
    java.base/javax.crypto.CipherInputStream.read(CipherInputStream.java:212)
    pkgMisc.PasswordUtils.decrypt(PasswordUtils.java:63)
    pkgData.Database.doStoreAccountsInDatabase(Database.java:78)
2018-07-12T22:19:26.716319: Message: javax.crypto.BadPaddingException: Given final block not properly padded. Such issues can arise if a bad key is used during decryption., Trace:     java.base/javax.crypto.CipherInputStream.getMoreData(CipherInputStream.java:121)
    java.base/javax.crypto.CipherInputStream.read(CipherInputStream.java:235)
    java.base/javax.crypto.CipherInputStream.read(CipherInputStream.java:212)
    pkgMisc.PasswordUtils.decrypt(PasswordUtils.java:63)
    pkgData.Database.doStoreAccountsInDatabase(Database.java:78)
2018-07-12T22:29:18.050028: Message: javax.crypto.BadPaddingException: Given final block not properly padded. Such issues can arise if a bad key is used during decryption., Trace:     java.base/javax.crypto.CipherInputStream.getMoreData(CipherInputStream.java:121)
    java.base/javax.crypto.CipherInputStream.read(CipherInputStream.java:235)
    java.base/javax.crypto.CipherInputStream.read(CipherInputStream.java:212)
    pkgMisc.PasswordUtils.decrypt(PasswordUtils.java:63)
    pkgData.Database.doStoreAccountsInDatabase(Database.java:80)
2018-07-12T22:29:42.571382: Message: javax.crypto.BadPaddingException: Given final block not properly padded. Such issues can arise if a bad key is used during decryption., Trace:     java.base/javax.crypto.CipherInputStream.getMoreData(CipherInputStream.java:121)
    java.base/javax.crypto.CipherInputStream.read(CipherInputStream.java:235)
    java.base/javax.crypto.CipherInputStream.read(CipherInputStream.java:212)
    pkgMisc.PasswordUtils.decrypt(PasswordUtils.java:63)
    pkgData.Database.doStoreAccountsInDatabase(Database.java:80)
2018-07-12T22:31:26.677581: Message: javax.crypto.BadPaddingException: Given final block not properly padded. Such issues can arise if a bad key is used during decryption., Trace:     java.base/javax.crypto.CipherInputStream.getMoreData(CipherInputStream.java:121)
    java.base/javax.crypto.CipherInputStream.read(CipherInputStream.java:235)
    java.base/javax.crypto.CipherInputStream.read(CipherInputStream.java:212)
    pkgMisc.PasswordUtils.decrypt(PasswordUtils.java:63)
    pkgData.Database.doStoreAccountsInDatabase(Database.java:84)
2018-07-12T22:31:30.799595: Message: javax.crypto.BadPaddingException: Given final block not properly padded. Such issues can arise if a bad key is used during decryption., Trace:     java.base/javax.crypto.CipherInputStream.getMoreData(CipherInputStream.java:121)
    java.base/javax.crypto.CipherInputStream.read(CipherInputStream.java:235)
    java.base/javax.crypto.CipherInputStream.read(CipherInputStream.java:212)
    pkgMisc.PasswordUtils.decrypt(PasswordUtils.java:63)
    pkgData.Database.doStoreAccountsInDatabase(Database.java:84)
2018-07-12T22:31:33.294680: Message: javax.crypto.BadPaddingException: Given final block not properly padded. Such issues can arise if a bad key is used during decryption., Trace:     java.base/javax.crypto.CipherInputStream.getMoreData(CipherInputStream.java:121)
    java.base/javax.crypto.CipherInputStream.read(CipherInputStream.java:235)
    java.base/javax.crypto.CipherInputStream.read(CipherInputStream.java:212)
    pkgMisc.PasswordUtils.decrypt(PasswordUtils.java:63)
    pkgData.Database.doStoreAccountsInDatabase(Database.java:84)
2018-07-12T22:31:37.760013: Message: null, Trace:     pkgData.Database.doStoreAccountsInDatabase(Database.java:94)
    pkgController.Controller_Login.login(Controller_Login.java:36)
    java.base/jdk.internal.reflect.NativeMethodAccessorImpl.invoke0(Native Method)
    java.base/jdk.internal.reflect.NativeMethodAccessorImpl.invoke(NativeMethodAccessorImpl.java:62)
    java.base/jdk.internal.reflect.DelegatingMethodAccessorImpl.invoke(DelegatingMethodAccessorImpl.java:43)
2018-07-12T22:32:43.054537: Message: javax.crypto.BadPaddingException: Given final block not properly padded. Such issues can arise if a bad key is used during decryption., Trace:     java.base/javax.crypto.CipherInputStream.getMoreData(CipherInputStream.java:121)
    java.base/javax.crypto.CipherInputStream.read(CipherInputStream.java:235)
    java.base/javax.crypto.CipherInputStream.read(CipherInputStream.java:212)
    pkgMisc.PasswordUtils.decrypt(PasswordUtils.java:63)
    pkgData.Database.doStoreAccountsInDatabase(Database.java:84)
2018-07-12T22:34:38.887331: Message: javax.crypto.BadPaddingException: Given final block not properly padded. Such issues can arise if a bad key is used during decryption., Trace:     java.base/javax.crypto.CipherInputStream.getMoreData(CipherInputStream.java:121)
    java.base/javax.crypto.CipherInputStream.read(CipherInputStream.java:235)
    java.base/javax.crypto.CipherInputStream.read(CipherInputStream.java:212)
    pkgMisc.PasswordUtils.decrypt(PasswordUtils.java:63)
    pkgData.Database.doStoreAccountsInDatabase(Database.java:84)
2018-07-12T22:35:10.137224: Message: javax.crypto.BadPaddingException: Given final block not properly padded. Such issues can arise if a bad key is used during decryption., Trace:     java.base/javax.crypto.CipherInputStream.getMoreData(CipherInputStream.java:121)
    java.base/javax.crypto.CipherInputStream.read(CipherInputStream.java:235)
    java.base/javax.crypto.CipherInputStream.read(CipherInputStream.java:212)
    pkgMisc.PasswordUtils.decrypt(PasswordUtils.java:63)
    pkgData.Database.doStoreAccountsInDatabase(Database.java:84)
2018-07-12T22:35:23.612238: Message: javax.crypto.BadPaddingException: Given final block not properly padded. Such issues can arise if a bad key is used during decryption., Trace:     java.base/javax.crypto.CipherInputStream.getMoreData(CipherInputStream.java:121)
    java.base/javax.crypto.CipherInputStream.read(CipherInputStream.java:235)
    java.base/javax.crypto.CipherInputStream.read(CipherInputStream.java:212)
    pkgMisc.PasswordUtils.decrypt(PasswordUtils.java:63)
    pkgData.Database.doStoreAccountsInDatabase(Database.java:84)
2018-07-12T22:35:58.129196: Message: javax.crypto.BadPaddingException: Given final block not properly padded. Such issues can arise if a bad key is used during decryption., Trace:     java.base/javax.crypto.CipherInputStream.getMoreData(CipherInputStream.java:121)
    java.base/javax.crypto.CipherInputStream.read(CipherInputStream.java:235)
    java.base/javax.crypto.CipherInputStream.read(CipherInputStream.java:212)
    pkgMisc.PasswordUtils.decrypt(PasswordUtils.java:63)
    pkgData.Database.doStoreAccountsInDatabase(Database.java:85)
2018-07-12T22:36:38.677557: Message: javax.crypto.BadPaddingException: Given final block not properly padded. Such issues can arise if a bad key is used during decryption., Trace:     java.base/javax.crypto.CipherInputStream.getMoreData(CipherInputStream.java:121)
    java.base/javax.crypto.CipherInputStream.read(CipherInputStream.java:235)
    java.base/javax.crypto.CipherInputStream.read(CipherInputStream.java:212)
    pkgMisc.PasswordUtils.decrypt(PasswordUtils.java:63)
    pkgData.Database.doStoreAccountsInDatabase(Database.java:85)
2018-07-12T22:37:12.247579: Message: javax.crypto.BadPaddingException: Given final block not properly padded. Such issues can arise if a bad key is used during decryption., Trace:     java.base/javax.crypto.CipherInputStream.getMoreData(CipherInputStream.java:121)
    java.base/javax.crypto.CipherInputStream.read(CipherInputStream.java:235)
    java.base/javax.crypto.CipherInputStream.read(CipherInputStream.java:212)
    pkgMisc.PasswordUtils.decrypt(PasswordUtils.java:63)
    pkgData.Database.doStoreAccountsInDatabase(Database.java:85)
2018-07-12T22:38:25.688628: Message: Location is required., Trace:     javafx.fxml/javafx.fxml.FXMLLoader.loadImpl(FXMLLoader.java:3246)
    javafx.fxml/javafx.fxml.FXMLLoader.loadImpl(FXMLLoader.java:3210)
    javafx.fxml/javafx.fxml.FXMLLoader.loadImpl(FXMLLoader.java:3179)
    javafx.fxml/javafx.fxml.FXMLLoader.loadImpl(FXMLLoader.java:3152)
    javafx.fxml/javafx.fxml.FXMLLoader.loadImpl(FXMLLoader.java:3129)
2018-07-12T22:39:00.881530: Message: Location is required., Trace:     javafx.fxml/javafx.fxml.FXMLLoader.loadImpl(FXMLLoader.java:3246)
    javafx.fxml/javafx.fxml.FXMLLoader.loadImpl(FXMLLoader.java:3210)
    javafx.fxml/javafx.fxml.FXMLLoader.loadImpl(FXMLLoader.java:3179)
    javafx.fxml/javafx.fxml.FXMLLoader.loadImpl(FXMLLoader.java:3152)
    javafx.fxml/javafx.fxml.FXMLLoader.loadImpl(FXMLLoader.java:3129)
2018-07-16T22:38:13.751137: Message: Cannot set style once stage has been set visible, Trace:     javafx.graphics/javafx.stage.Stage.initStyle(Stage.java:496)
    pkgController.Controller_Login.login(Controller_Login.java:48)
    java.base/jdk.internal.reflect.NativeMethodAccessorImpl.invoke0(Native Method)
    java.base/jdk.internal.reflect.NativeMethodAccessorImpl.invoke(NativeMethodAccessorImpl.java:62)
    java.base/jdk.internal.reflect.DelegatingMethodAccessorImpl.invoke(DelegatingMethodAccessorImpl.java:43)
2018-07-16T22:39:04.015284: Message: Cannot set style once stage has been set visible, Trace:     javafx.graphics/javafx.stage.Stage.initStyle(Stage.java:496)
    pkgMisc.SceneSwitcher.startLogin(SceneSwitcher.java:19)
    pkgController.Controller_Login.login(Controller_Login.java:47)
    java.base/jdk.internal.reflect.NativeMethodAccessorImpl.invoke0(Native Method)
    java.base/jdk.internal.reflect.NativeMethodAccessorImpl.invoke(NativeMethodAccessorImpl.java:62)
2018-07-16T23:09:01.004666: Message: Location is required., Trace:     javafx.fxml/javafx.fxml.FXMLLoader.loadImpl(FXMLLoader.java:3246)
    javafx.fxml/javafx.fxml.FXMLLoader.loadImpl(FXMLLoader.java:3210)
    javafx.fxml/javafx.fxml.FXMLLoader.loadImpl(FXMLLoader.java:3179)
    javafx.fxml/javafx.fxml.FXMLLoader.loadImpl(FXMLLoader.java:3152)
    javafx.fxml/javafx.fxml.FXMLLoader.loadImpl(FXMLLoader.java:3129)
