2018-09-22T11:30:31.381022: Message: Please enter a password!, Trace:     pkgController.Encryptor_Controller.checkPassword(Encryptor_Controller.java:102)
    pkgController.Encryptor_Controller.doEncrypt(Encryptor_Controller.java:112)
    pkgController.Encryptor_Controller.start(Encryptor_Controller.java:71)
    java.base/jdk.internal.reflect.NativeMethodAccessorImpl.invoke0(Native Method)
    java.base/jdk.internal.reflect.NativeMethodAccessorImpl.invoke(NativeMethodAccessorImpl.java:62)
2018-09-22T12:19:11.114402: Message: Please enter a password!, Trace:     pkgController.Encryptor_Controller.checkPassword(Encryptor_Controller.java:102)
    pkgController.Encryptor_Controller.doEncrypt(Encryptor_Controller.java:112)
    pkgController.Encryptor_Controller.start(Encryptor_Controller.java:71)
    java.base/jdk.internal.reflect.NativeMethodAccessorImpl.invoke0(Native Method)
    java.base/jdk.internal.reflect.NativeMethodAccessorImpl.invoke(NativeMethodAccessorImpl.java:62)
2018-09-22T12:19:15.999146: Message: Please enter a password!, Trace:     pkgController.Encryptor_Controller.checkPassword(Encryptor_Controller.java:102)
    pkgController.Encryptor_Controller.doEncrypt(Encryptor_Controller.java:112)
    pkgController.Encryptor_Controller.start(Encryptor_Controller.java:71)
    java.base/jdk.internal.reflect.NativeMethodAccessorImpl.invoke0(Native Method)
    java.base/jdk.internal.reflect.NativeMethodAccessorImpl.invoke(NativeMethodAccessorImpl.java:62)
2018-09-22T19:09:01.715968: Message: Error resolving onAction='#chooseFile', either the event handler is not in the Namespace or there is an error in the script.
/Users/david.jahn/Dropbox/Privat/Java/eclipse-workspace_private/JavaFX_Encryptor/bin/pkgGUI/Encryptor_Main_Scene.fxml:55
, Trace:     javafx.fxml/javafx.fxml.FXMLLoader.constructLoadException(FXMLLoader.java:2621)
    javafx.fxml/javafx.fxml.FXMLLoader.access$100(FXMLLoader.java:105)
    javafx.fxml/javafx.fxml.FXMLLoader$Element.processEventHandlerAttributes(FXMLLoader.java:618)
    javafx.fxml/javafx.fxml.FXMLLoader$ValueElement.processEndElement(FXMLLoader.java:778)
    javafx.fxml/javafx.fxml.FXMLLoader.processEndElement(FXMLLoader.java:2838)
2018-09-24T13:35:32.346491: Message: Output file path must not be empty!, Trace:     pkgController.Encryptor_Controller.checkInput_Files(Encryptor_Controller.java:161)
    pkgController.Encryptor_Controller.startFile(Encryptor_Controller.java:121)
    java.base/jdk.internal.reflect.NativeMethodAccessorImpl.invoke0(Native Method)
    java.base/jdk.internal.reflect.NativeMethodAccessorImpl.invoke(NativeMethodAccessorImpl.java:62)
    java.base/jdk.internal.reflect.DelegatingMethodAccessorImpl.invoke(DelegatingMethodAccessorImpl.java:43)
2018-09-24T13:36:05.128336: Message: Input file path must not be empty!, Trace:     pkgController.Encryptor_Controller.checkInput_Files(Encryptor_Controller.java:161)
    pkgController.Encryptor_Controller.startFile(Encryptor_Controller.java:121)
    java.base/jdk.internal.reflect.NativeMethodAccessorImpl.invoke0(Native Method)
    java.base/jdk.internal.reflect.NativeMethodAccessorImpl.invoke(NativeMethodAccessorImpl.java:62)
    java.base/jdk.internal.reflect.DelegatingMethodAccessorImpl.invoke(DelegatingMethodAccessorImpl.java:43)
2018-09-27T22:59:53.047343: Message: Output file path must not be empty!, Trace:     pkgController.Encryptor_Controller.checkInput_Files(Encryptor_Controller.java:175)
    pkgController.Encryptor_Controller.startFile(Encryptor_Controller.java:129)
    java.base/jdk.internal.reflect.NativeMethodAccessorImpl.invoke0(Native Method)
    java.base/jdk.internal.reflect.NativeMethodAccessorImpl.invoke(NativeMethodAccessorImpl.java:62)
    java.base/jdk.internal.reflect.DelegatingMethodAccessorImpl.invoke(DelegatingMethodAccessorImpl.java:43)
2018-09-27T23:00:02.875923: Message: null, Trace:     pkgController.Encryptor_Controller.startFile(Encryptor_Controller.java:142)
    java.base/jdk.internal.reflect.NativeMethodAccessorImpl.invoke0(Native Method)
    java.base/jdk.internal.reflect.NativeMethodAccessorImpl.invoke(NativeMethodAccessorImpl.java:62)
    java.base/jdk.internal.reflect.DelegatingMethodAccessorImpl.invoke(DelegatingMethodAccessorImpl.java:43)
    java.base/java.lang.reflect.Method.invoke(Method.java:564)
2018-09-27T23:02:00.995685: Message: Invalid URL: Invalid URL or resource not found, Trace:     javafx.graphics/javafx.scene.image.Image.validateUrl(Image.java:1107)
    javafx.graphics/javafx.scene.image.Image.<init>(Image.java:617)
    pkgController.Encryptor_Controller.startFile(Encryptor_Controller.java:143)
    java.base/jdk.internal.reflect.NativeMethodAccessorImpl.invoke0(Native Method)
    java.base/jdk.internal.reflect.NativeMethodAccessorImpl.invoke(NativeMethodAccessorImpl.java:62)
2018-09-27T23:02:45.517975: Message: Invalid URL: Invalid URL or resource not found, Trace:     javafx.graphics/javafx.scene.image.Image.validateUrl(Image.java:1107)
    javafx.graphics/javafx.scene.image.Image.<init>(Image.java:617)
    pkgController.Encryptor_Controller.startFile(Encryptor_Controller.java:143)
    java.base/jdk.internal.reflect.NativeMethodAccessorImpl.invoke0(Native Method)
    java.base/jdk.internal.reflect.NativeMethodAccessorImpl.invoke(NativeMethodAccessorImpl.java:62)
2018-09-27T23:04:45.979922: Message: Invalid URL: Invalid URL or resource not found, Trace:     javafx.graphics/javafx.scene.image.Image.validateUrl(Image.java:1107)
    javafx.graphics/javafx.scene.image.Image.<init>(Image.java:617)
    pkgController.Encryptor_Controller.startFile(Encryptor_Controller.java:143)
    java.base/jdk.internal.reflect.NativeMethodAccessorImpl.invoke0(Native Method)
    java.base/jdk.internal.reflect.NativeMethodAccessorImpl.invoke(NativeMethodAccessorImpl.java:62)
2018-09-27T23:05:10.019828: Message: Invalid URL: Invalid URL or resource not found, Trace:     javafx.graphics/javafx.scene.image.Image.validateUrl(Image.java:1107)
    javafx.graphics/javafx.scene.image.Image.<init>(Image.java:617)
    pkgController.Encryptor_Controller.startFile(Encryptor_Controller.java:143)
    java.base/jdk.internal.reflect.NativeMethodAccessorImpl.invoke0(Native Method)
    java.base/jdk.internal.reflect.NativeMethodAccessorImpl.invoke(NativeMethodAccessorImpl.java:62)
2018-09-27T23:05:37.640006: Message: Invalid URL: Invalid URL or resource not found, Trace:     javafx.graphics/javafx.scene.image.Image.validateUrl(Image.java:1107)
    javafx.graphics/javafx.scene.image.Image.<init>(Image.java:617)
    pkgController.Encryptor_Controller.startFile(Encryptor_Controller.java:143)
    java.base/jdk.internal.reflect.NativeMethodAccessorImpl.invoke0(Native Method)
    java.base/jdk.internal.reflect.NativeMethodAccessorImpl.invoke(NativeMethodAccessorImpl.java:62)
2018-09-27T23:05:39.324082: Message: Invalid URL: Invalid URL or resource not found, Trace:     javafx.graphics/javafx.scene.image.Image.validateUrl(Image.java:1107)
    javafx.graphics/javafx.scene.image.Image.<init>(Image.java:617)
    pkgController.Encryptor_Controller.startFile(Encryptor_Controller.java:143)
    java.base/jdk.internal.reflect.NativeMethodAccessorImpl.invoke0(Native Method)
    java.base/jdk.internal.reflect.NativeMethodAccessorImpl.invoke(NativeMethodAccessorImpl.java:62)
2018-09-27T23:05:43.804663: Message: Input length must be multiple of 16 when decrypting with padded cipher, Trace:     java.base/com.sun.crypto.provider.CipherCore.doFinal(CipherCore.java:936)
    java.base/com.sun.crypto.provider.CipherCore.doFinal(CipherCore.java:847)
    java.base/com.sun.crypto.provider.AESCipher.engineDoFinal(AESCipher.java:446)
    java.base/javax.crypto.Cipher.doFinal(Cipher.java:2189)
    pkgMisc.PasswordUtils.decrypt(PasswordUtils.java:32)
2018-09-27T23:05:54.436931: Message: Invalid URL: Invalid URL or resource not found, Trace:     javafx.graphics/javafx.scene.image.Image.validateUrl(Image.java:1107)
    javafx.graphics/javafx.scene.image.Image.<init>(Image.java:617)
    pkgController.Encryptor_Controller.startFile(Encryptor_Controller.java:156)
    java.base/jdk.internal.reflect.NativeMethodAccessorImpl.invoke0(Native Method)
    java.base/jdk.internal.reflect.NativeMethodAccessorImpl.invoke(NativeMethodAccessorImpl.java:62)
2018-09-27T23:19:13.270151: Message: Invalid URL: Invalid URL or resource not found, Trace:     javafx.graphics/javafx.scene.image.Image.validateUrl(Image.java:1107)
    javafx.graphics/javafx.scene.image.Image.<init>(Image.java:617)
    pkgController.Encryptor_Controller.startFile(Encryptor_Controller.java:143)
    java.base/jdk.internal.reflect.NativeMethodAccessorImpl.invoke0(Native Method)
    java.base/jdk.internal.reflect.NativeMethodAccessorImpl.invoke(NativeMethodAccessorImpl.java:62)
2018-09-27T23:19:43.894932: Message: Invalid URL: Invalid URL or resource not found, Trace:     javafx.graphics/javafx.scene.image.Image.validateUrl(Image.java:1107)
    javafx.graphics/javafx.scene.image.Image.<init>(Image.java:617)
    pkgController.Encryptor_Controller.startFile(Encryptor_Controller.java:156)
    java.base/jdk.internal.reflect.NativeMethodAccessorImpl.invoke0(Native Method)
    java.base/jdk.internal.reflect.NativeMethodAccessorImpl.invoke(NativeMethodAccessorImpl.java:62)
2018-09-27T23:19:54.716404: Message: Invalid URL: Invalid URL or resource not found, Trace:     javafx.graphics/javafx.scene.image.Image.validateUrl(Image.java:1107)
    javafx.graphics/javafx.scene.image.Image.<init>(Image.java:617)
    pkgController.Encryptor_Controller.startFile(Encryptor_Controller.java:143)
    java.base/jdk.internal.reflect.NativeMethodAccessorImpl.invoke0(Native Method)
    java.base/jdk.internal.reflect.NativeMethodAccessorImpl.invoke(NativeMethodAccessorImpl.java:62)
2018-09-27T23:25:14.446945: Message: Input file path must not be empty!, Trace:     pkgController.Encryptor_Controller.checkInput_Files(Encryptor_Controller.java:177)
    pkgController.Encryptor_Controller.startFile(Encryptor_Controller.java:129)
    java.base/jdk.internal.reflect.NativeMethodAccessorImpl.invoke0(Native Method)
    java.base/jdk.internal.reflect.NativeMethodAccessorImpl.invoke(NativeMethodAccessorImpl.java:62)
    java.base/jdk.internal.reflect.DelegatingMethodAccessorImpl.invoke(DelegatingMethodAccessorImpl.java:43)
2018-09-28T00:10:32.442323: Message: Please enter a password!, Trace:     pkgController.Encryptor_Controller.checkPassword(Encryptor_Controller.java:250)
    pkgController.Encryptor_Controller.doEncrypt(Encryptor_Controller.java:261)
    pkgController.Encryptor_Controller.startText(Encryptor_Controller.java:110)
    java.base/jdk.internal.reflect.NativeMethodAccessorImpl.invoke0(Native Method)
    java.base/jdk.internal.reflect.NativeMethodAccessorImpl.invoke(NativeMethodAccessorImpl.java:62)
2018-09-28T00:12:24.092708: Message: Please enter a password!, Trace:     pkgController.Encryptor_Controller.checkPassword(Encryptor_Controller.java:252)
    pkgController.Encryptor_Controller.doEncrypt(Encryptor_Controller.java:263)
    pkgController.Encryptor_Controller.startText(Encryptor_Controller.java:110)
    java.base/jdk.internal.reflect.NativeMethodAccessorImpl.invoke0(Native Method)
    java.base/jdk.internal.reflect.NativeMethodAccessorImpl.invoke(NativeMethodAccessorImpl.java:62)
2018-09-28T00:12:31.012539: Message: Please enter a password!, Trace:     pkgController.Encryptor_Controller.checkPassword(Encryptor_Controller.java:252)
    pkgController.Encryptor_Controller.doEncrypt(Encryptor_Controller.java:263)
    pkgController.Encryptor_Controller.startText(Encryptor_Controller.java:110)
    java.base/jdk.internal.reflect.NativeMethodAccessorImpl.invoke0(Native Method)
    java.base/jdk.internal.reflect.NativeMethodAccessorImpl.invoke(NativeMethodAccessorImpl.java:62)
2018-10-02T08:27:10.458775: Message: Please enter a password!, Trace:     pkgController.Encryptor_Controller.checkPassword(Encryptor_Controller.java:252)
    pkgController.Encryptor_Controller.doEncrypt(Encryptor_Controller.java:263)
    pkgController.Encryptor_Controller.startText(Encryptor_Controller.java:110)
    java.base/jdk.internal.reflect.NativeMethodAccessorImpl.invoke0(Native Method)
    java.base/jdk.internal.reflect.NativeMethodAccessorImpl.invoke(NativeMethodAccessorImpl.java:62)
2018-10-02T08:27:55.649125: Message: Please enter a password!, Trace:     pkgController.Encryptor_Controller.checkPassword(Encryptor_Controller.java:252)
    pkgController.Encryptor_Controller.doEncrypt(Encryptor_Controller.java:263)
    pkgController.Encryptor_Controller.startText(Encryptor_Controller.java:110)
    java.base/jdk.internal.reflect.NativeMethodAccessorImpl.invoke0(Native Method)
    java.base/jdk.internal.reflect.NativeMethodAccessorImpl.invoke(NativeMethodAccessorImpl.java:62)
2018-10-02T08:28:00.359019: Message: Please enter a password!, Trace:     pkgController.Encryptor_Controller.checkPassword(Encryptor_Controller.java:252)
    pkgController.Encryptor_Controller.doDecrypt(Encryptor_Controller.java:242)
    pkgController.Encryptor_Controller.startText(Encryptor_Controller.java:113)
    java.base/jdk.internal.reflect.NativeMethodAccessorImpl.invoke0(Native Method)
    java.base/jdk.internal.reflect.NativeMethodAccessorImpl.invoke(NativeMethodAccessorImpl.java:62)
2018-10-02T08:28:04.131175: Message: Last unit does not have enough valid bits, Trace:     java.base/java.util.Base64$Decoder.decode0(Base64.java:734)
    java.base/java.util.Base64$Decoder.decode(Base64.java:526)
    pkgMisc.PasswordUtils.decrypt(PasswordUtils.java:31)
    pkgData.Database.doDecrypt(Database.java:33)
    pkgController.Encryptor_Controller.doDecrypt(Encryptor_Controller.java:239)
2018-10-02T08:28:10.292821: Message: Please enter a password!, Trace:     pkgController.Encryptor_Controller.checkPassword(Encryptor_Controller.java:252)
    pkgController.Encryptor_Controller.doDecrypt(Encryptor_Controller.java:242)
    pkgController.Encryptor_Controller.startText(Encryptor_Controller.java:113)
    java.base/jdk.internal.reflect.NativeMethodAccessorImpl.invoke0(Native Method)
    java.base/jdk.internal.reflect.NativeMethodAccessorImpl.invoke(NativeMethodAccessorImpl.java:62)
2019-01-12T16:47:06.116997: Message: Please enter a password!, Trace:     pkgController.Encryptor_Controller.checkPassword(Encryptor_Controller.java:252)
    pkgController.Encryptor_Controller.doEncrypt(Encryptor_Controller.java:263)
    pkgController.Encryptor_Controller.startText(Encryptor_Controller.java:110)
    java.base/jdk.internal.reflect.NativeMethodAccessorImpl.invoke0(Native Method)
    java.base/jdk.internal.reflect.NativeMethodAccessorImpl.invoke(NativeMethodAccessorImpl.java:62)
